<?xml version="1.0" encoding="UTF-8"?>
<testsuite xmlns:xsi="http://www.w3.org/2001/XMLSchema-instance" xsi:noNamespaceSchemaLocation="https://maven.apache.org/surefire/maven-surefire-plugin/xsd/surefire-test-report.xsd" name="testrunners.UberTest" time="0.088" tests="4" errors="0" skipped="0" failures="0">
  <properties>
    <property name="awt.toolkit" value="sun.awt.X11.XToolkit"/>
    <property name="java.specification.version" value="11"/>
    <property name="sun.cpu.isalist" value=""/>
    <property name="sun.jnu.encoding" value="UTF-8"/>
    <property name="java.class.path" value="/home/Mola/eclipse-workspace/cucumberdemo/target/test-classes:/home/Mola/eclipse-workspace/cucumberdemo/target/classes:/home/Mola/.m2/repository/io/cucumber/cucumber-java/6.10.4/cucumber-java-6.10.4.jar:/home/Mola/.m2/repository/io/cucumber/cucumber-core/6.10.4/cucumber-core-6.10.4.jar:/home/Mola/.m2/repository/io/cucumber/cucumber-gherkin/6.10.4/cucumber-gherkin-6.10.4.jar:/home/Mola/.m2/repository/io/cucumber/cucumber-gherkin-messages/6.10.4/cucumber-gherkin-messages-6.10.4.jar:/home/Mola/.m2/repository/io/cucumber/messages/15.0.0/messages-15.0.0.jar:/home/Mola/.m2/repository/io/cucumber/tag-expressions/3.0.1/tag-expressions-3.0.1.jar:/home/Mola/.m2/repository/io/cucumber/cucumber-expressions/10.3.0/cucumber-expressions-10.3.0.jar:/home/Mola/.m2/repository/io/cucumber/datatable/3.5.0/datatable-3.5.0.jar:/home/Mola/.m2/repository/io/cucumber/cucumber-plugin/6.10.4/cucumber-plugin-6.10.4.jar:/home/Mola/.m2/repository/io/cucumber/docstring/6.10.4/docstring-6.10.4.jar:/home/Mola/.m2/repository/io/cucumber/html-formatter/13.0.0/html-formatter-13.0.0.jar:/home/Mola/.m2/repository/io/cucumber/create-meta/4.0.0/create-meta-4.0.0.jar:/home/Mola/.m2/repository/org/apiguardian/apiguardian-api/1.1.1/apiguardian-api-1.1.1.jar:/home/Mola/.m2/repository/io/cucumber/cucumber-junit/6.10.4/cucumber-junit-6.10.4.jar:/home/Mola/.m2/repository/junit/junit/4.13.2/junit-4.13.2.jar:/home/Mola/.m2/repository/org/hamcrest/hamcrest-core/1.3/hamcrest-core-1.3.jar:"/>
    <property name="java.vm.vendor" value="Debian"/>
    <property name="sun.arch.data.model" value="64"/>
    <property name="java.vendor.url" value="https://tracker.debian.org/openjdk-11"/>
    <property name="user.timezone" value=""/>
    <property name="java.vm.specification.version" value="11"/>
    <property name="os.name" value="Linux"/>
    <property name="sun.java.launcher" value="SUN_STANDARD"/>
    <property name="user.country" value="GB"/>
    <property name="sun.boot.library.path" value="/usr/lib/jvm/java-11-openjdk-amd64/lib"/>
    <property name="sun.java.command" value="/home/Mola/eclipse-workspace/cucumberdemo/target/surefire/surefirebooter9882063191958809772.jar /home/Mola/eclipse-workspace/cucumberdemo/target/surefire 2021-05-26T21-57-35_037-jvmRun1 surefire463440924364325376tmp surefire_015907571595387800150tmp"/>
    <property name="jdk.debug" value="release"/>
    <property name="surefire.test.class.path" value="/home/Mola/eclipse-workspace/cucumberdemo/target/test-classes:/home/Mola/eclipse-workspace/cucumberdemo/target/classes:/home/Mola/.m2/repository/io/cucumber/cucumber-java/6.10.4/cucumber-java-6.10.4.jar:/home/Mola/.m2/repository/io/cucumber/cucumber-core/6.10.4/cucumber-core-6.10.4.jar:/home/Mola/.m2/repository/io/cucumber/cucumber-gherkin/6.10.4/cucumber-gherkin-6.10.4.jar:/home/Mola/.m2/repository/io/cucumber/cucumber-gherkin-messages/6.10.4/cucumber-gherkin-messages-6.10.4.jar:/home/Mola/.m2/repository/io/cucumber/messages/15.0.0/messages-15.0.0.jar:/home/Mola/.m2/repository/io/cucumber/tag-expressions/3.0.1/tag-expressions-3.0.1.jar:/home/Mola/.m2/repository/io/cucumber/cucumber-expressions/10.3.0/cucumber-expressions-10.3.0.jar:/home/Mola/.m2/repository/io/cucumber/datatable/3.5.0/datatable-3.5.0.jar:/home/Mola/.m2/repository/io/cucumber/cucumber-plugin/6.10.4/cucumber-plugin-6.10.4.jar:/home/Mola/.m2/repository/io/cucumber/docstring/6.10.4/docstring-6.10.4.jar:/home/Mola/.m2/repository/io/cucumber/html-formatter/13.0.0/html-formatter-13.0.0.jar:/home/Mola/.m2/repository/io/cucumber/create-meta/4.0.0/create-meta-4.0.0.jar:/home/Mola/.m2/repository/org/apiguardian/apiguardian-api/1.1.1/apiguardian-api-1.1.1.jar:/home/Mola/.m2/repository/io/cucumber/cucumber-junit/6.10.4/cucumber-junit-6.10.4.jar:/home/Mola/.m2/repository/junit/junit/4.13.2/junit-4.13.2.jar:/home/Mola/.m2/repository/org/hamcrest/hamcrest-core/1.3/hamcrest-core-1.3.jar:"/>
    <property name="sun.cpu.endian" value="little"/>
    <property name="user.home" value="/home/Mola"/>
    <property name="user.language" value="en"/>
    <property name="java.specification.vendor" value="Oracle Corporation"/>
    <property name="java.version.date" value="2020-11-04"/>
    <property name="java.home" value="/usr/lib/jvm/java-11-openjdk-amd64"/>
    <property name="file.separator" value="/"/>
    <property name="basedir" value="/home/Mola/eclipse-workspace/cucumberdemo"/>
    <property name="java.vm.compressedOopsMode" value="32-bit"/>
    <property name="line.separator" value="&#10;"/>
    <property name="java.specification.name" value="Java Platform API Specification"/>
    <property name="java.vm.specification.vendor" value="Oracle Corporation"/>
    <property name="java.awt.graphicsenv" value="sun.awt.X11GraphicsEnvironment"/>
    <property name="surefire.real.class.path" value="/home/Mola/eclipse-workspace/cucumberdemo/target/surefire/surefirebooter9882063191958809772.jar"/>
    <property name="sun.management.compiler" value="HotSpot 64-Bit Tiered Compilers"/>
    <property name="java.runtime.version" value="11.0.9.1+1-post-Debian-1deb10u2"/>
    <property name="user.name" value="Mola"/>
    <property name="path.separator" value=":"/>
    <property name="os.version" value="4.19.0-6-amd64"/>
    <property name="java.runtime.name" value="OpenJDK Runtime Environment"/>
    <property name="file.encoding" value="UTF-8"/>
    <property name="java.vm.name" value="OpenJDK 64-Bit Server VM"/>
    <property name="localRepository" value="/home/Mola/.m2/repository"/>
    <property name="java.vendor.url.bug" value="https://bugs.debian.org/openjdk-11"/>
    <property name="java.io.tmpdir" value="/tmp"/>
    <property name="java.version" value="11.0.9.1"/>
    <property name="user.dir" value="/home/Mola/eclipse-workspace/cucumberdemo"/>
    <property name="os.arch" value="amd64"/>
    <property name="java.vm.specification.name" value="Java Virtual Machine Specification"/>
    <property name="java.awt.printerjob" value="sun.print.PSPrinterJob"/>
    <property name="sun.os.patch.level" value="unknown"/>
    <property name="java.library.path" value="/usr/java/packages/lib:/usr/lib/x86_64-linux-gnu/jni:/lib/x86_64-linux-gnu:/usr/lib/x86_64-linux-gnu:/usr/lib/jni:/lib:/usr/lib"/>
    <property name="java.vm.info" value="mixed mode, sharing"/>
    <property name="java.vendor" value="Debian"/>
    <property name="java.vm.version" value="11.0.9.1+1-post-Debian-1deb10u2"/>
    <property name="sun.io.unicode.encoding" value="UnicodeLittle"/>
    <property name="java.class.version" value="55.0"/>
  </properties>
  <testcase name="Booking  Cab sedan" classname="Uber Booking Feature" time="0.019"/>
  <testcase name="Booking   Cab Jaguar" classname="Uber Booking Feature" time="0.024"/>
  <testcase name="Booking   Cab Toyota LandCruiser" classname="Uber Booking Feature" time="0.013"/>
  <testcase name="Booking   Cab Mercedes" classname="Uber Booking Feature" time="0.018"/>
</testsuite>